Flutter crash report; please file at https://github.com/flutter/flutter/issues.

## command

flutter packages get

## exception

YamlException: Error on line 13, column 3: Expected ':'.
  flutter_slidable: "^0.4.9"
  ^

```
#0      Scanner._staleSimpleKeys (package:yaml/src/scanner.dart:491:9)
#1      Scanner._fetchMoreTokens (package:yaml/src/scanner.dart:325:9)
#2      Scanner.peek (package:yaml/src/scanner.dart:317:27)
#3      Scanner.advance (package:yaml/src/scanner.dart:311:12)
#4      Parser._parseBlockMappingValue (package:yaml/src/parser.dart:471:22)
#5      Parser._stateMachine (package:yaml/src/parser.dart:88:16)
#6      Parser.parse (package:yaml/src/parser.dart:47:19)
#7      Loader._loadMapping (package:yaml/src/loader.dart:165:37)
#8      Loader._loadNode (package:yaml/src/loader.dart:86:16)
#9      Loader._loadMapping (package:yaml/src/loader.dart:165:19)
#10     Loader._loadNode (package:yaml/src/loader.dart:86:16)
#11     Loader._loadDocument (package:yaml/src/loader.dart:62:20)
#12     Loader.load (package:yaml/src/loader.dart:54:20)
#13     loadYamlDocument (package:yaml/yaml.dart:51:25)
#14     loadYamlNode (package:yaml/yaml.dart:42:5)
#15     loadYaml (package:yaml/yaml.dart:34:5)
#16     FlutterManifest.createFromString (package:flutter_tools/src/flutter_manifest.dart:42:28)
<asynchronous suspension>
#17     FlutterManifest.createFromPath (package:flutter_tools/src/flutter_manifest.dart:36:12)
<asynchronous suspension>
#18     FlutterProject._readManifest (package:flutter_tools/src/project.dart:128:60)
<asynchronous suspension>
#19     FlutterProject.fromDirectory (package:flutter_tools/src/project.dart:42:44)
<asynchronous suspension>
#20     FlutterProject.fromPath (package:flutter_tools/src/project.dart:57:58)
#21     PackagesGetCommand.runCommand (package:flutter_tools/src/commands/packages.dart:83:61)
<asynchronous suspension>
#22     FlutterCommand.verifyThenRunCommand (package:flutter_tools/src/runner/flutter_command.dart:538:18)
#23     _asyncThenWrapperHelper.<anonymous closure> (dart:async/runtime/libasync_patch.dart:77:64)
#24     _rootRunUnary (dart:async/zone.dart:1132:38)
#25     _CustomZone.runUnary (dart:async/zone.dart:1029:19)
#26     _FutureListener.handleValue (dart:async/future_impl.dart:126:18)
#27     Future._propagateToListeners.handleValueCallback (dart:async/future_impl.dart:639:45)
#28     Future._propagateToListeners (dart:async/future_impl.dart:668:32)
#29     Future._complete (dart:async/future_impl.dart:473:7)
#30     _SyncCompleter.complete (dart:async/future_impl.dart:51:12)
#31     _AsyncAwaitCompleter.complete.<anonymous closure> (dart:async/runtime/libasync_patch.dart:33:20)
#32     _rootRun (dart:async/zone.dart:1124:13)
#33     _CustomZone.run (dart:async/zone.dart:1021:19)
#34     _CustomZone.bindCallback.<anonymous closure> (dart:async/zone.dart:947:23)
#35     _microtaskLoop (dart:async/schedule_microtask.dart:41:21)
#36     _startMicrotaskLoop (dart:async/schedule_microtask.dart:50:5)
#37     _runPendingImmediateCallback (dart:isolate/runtime/libisolate_patch.dart:115:13)
#38     _RawReceivePortImpl._handleMessage (dart:isolate/runtime/libisolate_patch.dart:172:5)
```

## flutter doctor

```
[✓] Flutter (Channel master, v1.1.10-pre.20, on Mac OS X 10.13.6 17G3025, locale en-US)
    • Flutter version 1.1.10-pre.20 at /Users/developer/flutter
    • Framework revision 77512a3c46 (4 weeks ago), 2019-01-10 02:42:07 -0800
    • Engine revision e5ec3cf3ea
    • Dart version 2.1.1 (build 2.1.1-dev.0.1 2cb346bd0c)

[✓] Android toolchain - develop for Android devices (Android SDK version 28.0.3)
    • Android SDK at /Users/developer/Library/Android/sdk
    • Android NDK location not configured (optional; useful for native profiling support)
    • Platform android-28, build-tools 28.0.3
    • Java binary at: /Applications/Android Studio.app/Contents/jre/jdk/Contents/Home/bin/java
    • Java version OpenJDK Runtime Environment (build 1.8.0_152-release-1248-b01)
    • All Android licenses accepted.

[✓] iOS toolchain - develop for iOS devices (Xcode 10.1)
    • Xcode at /Applications/Xcode.app/Contents/Developer
    • Xcode 10.1, Build version 10B61
    • ios-deploy 1.9.4
    • CocoaPods version 1.5.3

[✓] Android Studio (version 3.3)
    • Android Studio at /Applications/Android Studio.app/Contents
    • Flutter plugin version 32.0.1
    • Dart plugin version 182.5215
    • Java version OpenJDK Runtime Environment (build 1.8.0_152-release-1248-b01)

[✓] VS Code (version 1.30.2)
    • VS Code at /Applications/Visual Studio Code.app/Contents
    • Flutter extension version 2.22.3

[✓] Connected device (2 available)
    • Rody’s iPad Pro 💻 • 00008027-001544DC2222002E            • ios • iOS 12.1.1
    • iPhone 5s          • 1C27FCC9-A8A1-44D3-BAEC-5284000F50AA • ios • iOS 12.1 (simulator)

• No issues found!
```
